Copyright 1986-2022 Xilinx, Inc. All Rights Reserved. Copyright 2022-2024 Advanced Micro Devices, Inc. All Rights Reserved.
---------------------------------------------------------------------------------------------------------------------------------------------
| Tool Version : Vivado v.2024.1 (lin64) Build 5076996 Wed May 22 18:36:09 MDT 2024
| Date         : Wed Dec 11 14:47:51 2024
| Host         : eecs-digital-04 running 64-bit Ubuntu 24.04.1 LTS
| Command      : report_utilization -file obj/post_synth_util.rpt -hierarchical -hierarchical_depth 4
| Design       : top_level
| Device       : xc7s50csga324-1
| Speed File   : -1
| Design State : Synthesized
---------------------------------------------------------------------------------------------------------------------------------------------

Utilization Design Information

Table of Contents
-----------------
1. Utilization by Hierarchy

1. Utilization by Hierarchy
---------------------------

+-----------------+--------------------------------------------------------------+------------+------------+---------+------+------+--------+--------+------------+
|     Instance    |                            Module                            | Total LUTs | Logic LUTs | LUTRAMs | SRLs |  FFs | RAMB36 | RAMB18 | DSP Blocks |
+-----------------+--------------------------------------------------------------+------------+------------+---------+------+------+--------+--------+------------+
| top_level       |                                                        (top) |       1823 |       1822 |       0 |    1 | 1789 |      4 |      1 |          3 |
|   (top_level)   |                                                        (top) |         32 |         31 |       0 |    1 |  163 |      0 |      0 |          0 |
|   ang           |                                                    angle_inc |         55 |         55 |       0 |    0 |   42 |      0 |      0 |          0 |
|     (ang)       |                                                    angle_inc |         34 |         34 |       0 |    0 |   26 |      0 |      0 |          0 |
|     angle_down  |                                                  evt_counter |         10 |         10 |       0 |    0 |    8 |      0 |      0 |          0 |
|     angle_up    |                                                evt_counter_5 |         11 |         11 |       0 |    0 |    8 |      0 |      0 |          0 |
|   angle_cordic  |                                                       cordic |        849 |        849 |       0 |    0 |  810 |      0 |      0 |          0 |
|   blue_ser      |                                              tmds_serializer |          0 |          0 |       0 |    0 |    0 |      0 |      0 |          0 |
|   com_m         |                                               center_of_mass |        375 |        375 |       0 |    0 |  325 |      0 |      0 |          0 |
|     (com_m)     |                                               center_of_mass |        111 |        111 |       0 |    0 |  117 |      0 |      0 |          0 |
|     div_x       |                                                    divider_3 |        126 |        126 |       0 |    0 |  104 |      0 |      0 |          0 |
|     div_y       |                                                    divider_4 |        138 |        138 |       0 |    0 |  104 |      0 |      0 |          0 |
|   combine       |                                            combine_centroids |        139 |        139 |       0 |    0 |  120 |      0 |      0 |          0 |
|     (combine)   |                                            combine_centroids |         19 |         19 |       0 |    0 |   47 |      0 |      0 |          0 |
|     y_averager  |                                                      divider |        120 |        120 |       0 |    0 |   73 |      0 |      0 |          0 |
|   crw           |                                             camera_registers |        108 |        108 |       0 |    0 |  104 |      0 |      0 |          0 |
|     (crw)       |                                             camera_registers |          8 |          8 |       0 |    0 |   42 |      0 |      0 |          0 |
|     aia         |                                               addr_increment |          8 |          8 |       0 |    0 |    9 |      0 |      0 |          0 |
|     sccb_c      |                                                   i2c_master |         92 |         92 |       0 |    0 |   53 |      0 |      0 |          0 |
|   fpga_rx_m     |                                              uart_rx_wrapper |         44 |         44 |       0 |    0 |   46 |      0 |      0 |          0 |
|     (fpga_rx_m) |                                              uart_rx_wrapper |          2 |          2 |       0 |    0 |   19 |      0 |      0 |          0 |
|     uart_rx     |                                                 uart_receive |         42 |         42 |       0 |    0 |   27 |      0 |      0 |          0 |
|   fpga_tx_m     |                                                uart_transmit |         25 |         25 |       0 |    0 |   25 |      0 |      0 |          0 |
|   frame_buffer  | xilinx_true_dual_port_read_first_2_clock_ram__parameterized0 |          2 |          2 |       0 |    0 |    0 |      2 |      0 |          0 |
|   green_ser     |                                            tmds_serializer_0 |          0 |          0 |       0 |    0 |    0 |      0 |      0 |          0 |
|   mssc          |                                                    lab05_ssc |         24 |         24 |       0 |    0 |   25 |      0 |      0 |          0 |
|   mt            |                                                    threshold |          0 |          0 |       0 |    0 |    1 |      0 |      0 |          0 |
|   point_memory  |                 xilinx_true_dual_port_read_first_2_clock_ram |          3 |          3 |       0 |    0 |    0 |      2 |      0 |          0 |
|   pr            |                                            pixel_reconstruct |         25 |         25 |       0 |    0 |   42 |      0 |      0 |          0 |
|   proj          |                                       perspective_projection |         35 |         35 |       0 |    0 |   27 |      0 |      0 |          1 |
|   red_ser       |                                            tmds_serializer_1 |          1 |          1 |       0 |    0 |    1 |      0 |      0 |          0 |
|   registers     |                            xilinx_single_port_ram_read_first |          7 |          7 |       0 |    0 |    0 |      0 |      1 |          0 |
|   rgbtoycrcb_m  |                                                 rgb_to_ycrcb |         31 |         31 |       0 |    0 |   21 |      0 |      0 |          2 |
|   tmds_blue     |                                                 tmds_encoder |          2 |          2 |       0 |    0 |    8 |      0 |      0 |          0 |
|   tmds_red      |                                               tmds_encoder_2 |          3 |          3 |       0 |    0 |    8 |      0 |      0 |          0 |
|   vsg           |                                                video_sig_gen |         63 |         63 |       0 |    0 |   21 |      0 |      0 |          0 |
|   wizard_hdmi   |                                              cw_hdmi_clk_wiz |          0 |          0 |       0 |    0 |    0 |      0 |      0 |          0 |
|   wizard_migcam |                                              cw_fast_clk_wiz |          0 |          0 |       0 |    0 |    0 |      0 |      0 |          0 |
+-----------------+--------------------------------------------------------------+------------+------------+---------+------+------+--------+--------+------------+


