Copyright 1986-2022 Xilinx, Inc. All Rights Reserved. Copyright 2022-2024 Advanced Micro Devices, Inc. All Rights Reserved.
---------------------------------------------------------------------------------------------------------------------------------------------
| Tool Version : Vivado v.2024.1 (lin64) Build 5076996 Wed May 22 18:36:09 MDT 2024
| Date         : Wed Dec 11 06:17:54 2024
| Host         : eecs-digital-34 running 64-bit Ubuntu 24.04.1 LTS
| Command      : report_timing_summary -file obj/post_synth_timing_summary.rpt
| Design       : top_level
| Device       : 7s50-csga324
| Speed File   : -1  PRODUCTION 1.23 2018-06-13
| Design State : Synthesized
---------------------------------------------------------------------------------------------------------------------------------------------

Timing Summary Report

------------------------------------------------------------------------------------------------
| Timer Settings
| --------------
------------------------------------------------------------------------------------------------

  Enable Multi Corner Analysis               :  Yes
  Enable Pessimism Removal                   :  Yes
  Pessimism Removal Resolution               :  Nearest Common Node
  Enable Input Delay Default Clock           :  No
  Enable Preset / Clear Arcs                 :  No
  Disable Flight Delays                      :  No
  Ignore I/O Paths                           :  No
  Timing Early Launch at Borrowing Latches   :  No
  Borrow Time for Max Delay Exceptions       :  Yes
  Merge Timing Exceptions                    :  Yes
  Inter-SLR Compensation                     :  Conservative

  Corner  Analyze    Analyze    
  Name    Max Paths  Min Paths  
  ------  ---------  ---------  
  Slow    Yes        Yes        
  Fast    Yes        Yes        


------------------------------------------------------------------------------------------------
| Report Methodology
| ------------------
------------------------------------------------------------------------------------------------

No report available as report_methodology has not been run prior. Run report_methodology on the current design for the summary of methodology violations.



check_timing report

Table of Contents
-----------------
1. checking no_clock (0)
2. checking constant_clock (0)
3. checking pulse_width_clock (0)
4. checking unconstrained_internal_endpoints (0)
5. checking no_input_delay (23)
6. checking no_output_delay (28)
7. checking multiple_clock (0)
8. checking generated_clocks (0)
9. checking loops (0)
10. checking partial_input_delay (0)
11. checking partial_output_delay (0)
12. checking latch_loops (0)

1. checking no_clock (0)
------------------------
 There are 0 register/latch pins with no clock.


2. checking constant_clock (0)
------------------------------
 There are 0 register/latch pins with constant_clock.


3. checking pulse_width_clock (0)
---------------------------------
 There are 0 register/latch pins which need pulse_width check


4. checking unconstrained_internal_endpoints (0)
------------------------------------------------
 There are 0 pins that are not constrained for maximum delay.

 There are 0 pins that are not constrained for maximum delay due to constant clock.


5. checking no_input_delay (23)
-------------------------------
 There are 23 input ports with no input delay specified. (HIGH)

 There are 0 input ports with no input delay but user has a false path constraint.


6. checking no_output_delay (28)
--------------------------------
 There are 28 ports with no output delay specified. (HIGH)

 There are 0 ports with no output delay but user has a false path constraint

 There are 0 ports with no output delay but with a timing clock defined on it or propagating through it


7. checking multiple_clock (0)
------------------------------
 There are 0 register/latch pins with multiple clocks.


8. checking generated_clocks (0)
--------------------------------
 There are 0 generated clocks that are not connected to a clock source.


9. checking loops (0)
---------------------
 There are 0 combinational loops in the design.


10. checking partial_input_delay (0)
------------------------------------
 There are 0 input ports with partial input delay specified.


11. checking partial_output_delay (0)
-------------------------------------
 There are 0 ports with partial output delay specified.


12. checking latch_loops (0)
----------------------------
 There are 0 combinational latch loops in the design through latch input



------------------------------------------------------------------------------------------------
| Design Timing Summary
| ---------------------
------------------------------------------------------------------------------------------------

    WNS(ns)      TNS(ns)  TNS Failing Endpoints  TNS Total Endpoints      WHS(ns)      THS(ns)  THS Failing Endpoints  THS Total Endpoints     WPWS(ns)     TPWS(ns)  TPWS Failing Endpoints  TPWS Total Endpoints  
    -------      -------  ---------------------  -------------------      -------      -------  ---------------------  -------------------     --------     --------  ----------------------  --------------------  
     -0.802      -12.830                     33                  684        0.073        0.000                      0                  684        1.116        0.000                       0                   367  


Timing constraints are not met.


------------------------------------------------------------------------------------------------
| Clock Summary
| -------------
------------------------------------------------------------------------------------------------

Clock                 Waveform(ns)         Period(ns)      Frequency(MHz)
-----                 ------------         ----------      --------------
gclk                  {0.000 4.000}        10.000          100.000         
  clk_100_cw_fast     {0.000 5.000}        10.000          100.000         
  clk_camera_cw_fast  {0.000 2.500}        5.000           200.000         
  clk_mig_cw_fast     {0.000 2.500}        5.000           200.000         
  clk_xc_cw_fast      {0.000 20.000}       40.000          25.000          
  clkfbout_cw_fast    {0.000 5.000}        10.000          100.000         


------------------------------------------------------------------------------------------------
| Intra Clock Table
| -----------------
------------------------------------------------------------------------------------------------

Clock                     WNS(ns)      TNS(ns)  TNS Failing Endpoints  TNS Total Endpoints      WHS(ns)      THS(ns)  THS Failing Endpoints  THS Total Endpoints     WPWS(ns)     TPWS(ns)  TPWS Failing Endpoints  TPWS Total Endpoints  
-----                     -------      -------  ---------------------  -------------------      -------      -------  ---------------------  -------------------     --------     --------  ----------------------  --------------------  
gclk                                                                                                                                                                    2.000        0.000                       0                     1  
  clk_100_cw_fast                                                                                                                                                       7.845        0.000                       0                     2  
  clk_camera_cw_fast       -0.802      -12.830                     33                  684        0.073        0.000                      0                  684        1.116        0.000                       0                   357  
  clk_mig_cw_fast                                                                                                                                                       2.845        0.000                       0                     2  
  clk_xc_cw_fast                                                                                                                                                       37.845        0.000                       0                     2  
  clkfbout_cw_fast                                                                                                                                                      7.845        0.000                       0                     3  


------------------------------------------------------------------------------------------------
| Inter Clock Table
| -----------------
------------------------------------------------------------------------------------------------

From Clock    To Clock          WNS(ns)      TNS(ns)  TNS Failing Endpoints  TNS Total Endpoints      WHS(ns)      THS(ns)  THS Failing Endpoints  THS Total Endpoints  
----------    --------          -------      -------  ---------------------  -------------------      -------      -------  ---------------------  -------------------  


------------------------------------------------------------------------------------------------
| Other Path Groups Table
| -----------------------
------------------------------------------------------------------------------------------------

Path Group    From Clock    To Clock          WNS(ns)      TNS(ns)  TNS Failing Endpoints  TNS Total Endpoints      WHS(ns)      THS(ns)  THS Failing Endpoints  THS Total Endpoints  
----------    ----------    --------          -------      -------  ---------------------  -------------------      -------      -------  ---------------------  -------------------  


------------------------------------------------------------------------------------------------
| Timing Details
| --------------
------------------------------------------------------------------------------------------------


---------------------------------------------------------------------------------------------------
From Clock:  gclk
  To Clock:  gclk

Setup :           NA  Failing Endpoints,  Worst Slack           NA  ,  Total Violation           NA
Hold  :           NA  Failing Endpoints,  Worst Slack           NA  ,  Total Violation           NA
PW    :            0  Failing Endpoints,  Worst Slack        2.000ns,  Total Violation        0.000ns
---------------------------------------------------------------------------------------------------


Pulse Width Checks
--------------------------------------------------------------------------------------
Clock Name:         gclk
Waveform(ns):       { 0.000 4.000 }
Period(ns):         10.000
Sources:            { clk_100mhz }

Check Type        Corner  Lib Pin           Reference Pin  Required(ns)  Actual(ns)  Slack(ns)  Location  Pin
Min Period        n/a     PLLE2_ADV/CLKIN1  n/a            1.249         10.000      8.751                wizard_migcam/plle2_adv_inst/CLKIN1
Max Period        n/a     PLLE2_ADV/CLKIN1  n/a            52.633        10.000      42.633               wizard_migcam/plle2_adv_inst/CLKIN1
Low Pulse Width   Slow    PLLE2_ADV/CLKIN1  n/a            2.000         6.000       4.000                wizard_migcam/plle2_adv_inst/CLKIN1
High Pulse Width  Slow    PLLE2_ADV/CLKIN1  n/a            2.000         4.000       2.000                wizard_migcam/plle2_adv_inst/CLKIN1



---------------------------------------------------------------------------------------------------
From Clock:  clk_100_cw_fast
  To Clock:  clk_100_cw_fast

Setup :           NA  Failing Endpoints,  Worst Slack           NA  ,  Total Violation           NA
Hold  :           NA  Failing Endpoints,  Worst Slack           NA  ,  Total Violation           NA
PW    :            0  Failing Endpoints,  Worst Slack        7.845ns,  Total Violation        0.000ns
---------------------------------------------------------------------------------------------------


Pulse Width Checks
--------------------------------------------------------------------------------------
Clock Name:         clk_100_cw_fast
Waveform(ns):       { 0.000 5.000 }
Period(ns):         10.000
Sources:            { wizard_migcam/plle2_adv_inst/CLKOUT0 }

Check Type  Corner  Lib Pin            Reference Pin  Required(ns)  Actual(ns)  Slack(ns)  Location  Pin
Min Period  n/a     BUFG/I             n/a            2.155         10.000      7.845                wizard_migcam/clkout1_buf/I
Max Period  n/a     PLLE2_ADV/CLKOUT0  n/a            160.000       10.000      150.000              wizard_migcam/plle2_adv_inst/CLKOUT0



---------------------------------------------------------------------------------------------------
From Clock:  clk_camera_cw_fast
  To Clock:  clk_camera_cw_fast

Setup :           33  Failing Endpoints,  Worst Slack       -0.802ns,  Total Violation      -12.830ns
Hold  :            0  Failing Endpoints,  Worst Slack        0.073ns,  Total Violation        0.000ns
PW    :            0  Failing Endpoints,  Worst Slack        1.116ns,  Total Violation        0.000ns
---------------------------------------------------------------------------------------------------


Max Delay Paths
--------------------------------------------------------------------------------------
Slack (VIOLATED) :        -0.802ns  (required time - arrival time)
  Source:                 num_points_reg[4]/C
                            (rising edge-triggered cell FDRE clocked by clk_camera_cw_fast  {rise@0.000ns fall@2.500ns period=5.000ns})
  Destination:            km_c/addrb_out_reg[0]/CE
                            (rising edge-triggered cell FDRE clocked by clk_camera_cw_fast  {rise@0.000ns fall@2.500ns period=5.000ns})
  Path Group:             clk_camera_cw_fast
  Path Type:              Setup (Max at Slow Process Corner)
  Requirement:            5.000ns  (clk_camera_cw_fast rise@5.000ns - clk_camera_cw_fast rise@0.000ns)
  Data Path Delay:        5.388ns  (logic 2.758ns (51.188%)  route 2.630ns (48.812%))
  Logic Levels:           8  (CARRY4=6 LUT3=1 LUT6=1)
  Clock Path Skew:        -0.145ns (DCD - SCD + CPR)
    Destination Clock Delay (DCD):    -2.794ns = ( 2.206 - 5.000 ) 
    Source Clock Delay      (SCD):    -3.108ns
    Clock Pessimism Removal (CPR):    -0.459ns
  Clock Uncertainty:      0.067ns  ((TSJ^2 + DJ^2)^1/2) / 2 + PE
    Total System Jitter     (TSJ):    0.071ns
    Discrete Jitter          (DJ):    0.113ns
    Phase Error              (PE):    0.000ns

    Location             Delay type                Incr(ns)  Path(ns)    Netlist Resource(s)
  -------------------------------------------------------------------    -------------------
                         (clock clk_camera_cw_fast rise edge)
                                                      0.000     0.000 r  
    N15                                               0.000     0.000 r  clk_100mhz (IN)
                         net (fo=0)                   0.000     0.000    wizard_migcam/clk_100mhz
    N15                  IBUF (Prop_ibuf_I_O)         1.440     1.440 r  wizard_migcam/clkin1_ibufg/O
                         net (fo=1, unplaced)         0.584     2.024    wizard_migcam/clk_in1_cw_fast
                         PLLE2_ADV (Prop_plle2_adv_CLKIN1_CLKOUT2)
                                                     -6.612    -4.587 r  wizard_migcam/plle2_adv_inst/CLKOUT2
                         net (fo=1, unplaced)         0.800    -3.788    wizard_migcam/clk_camera_cw_fast
                         BUFG (Prop_bufg_I_O)         0.096    -3.692 r  wizard_migcam/clkout3_buf/O
                         net (fo=355, unplaced)       0.584    -3.108    clk_camera
                         FDRE                                         r  num_points_reg[4]/C
  -------------------------------------------------------------------    -------------------
                         FDRE (Prop_fdre_C_Q)         0.456    -2.652 r  num_points_reg[4]/Q
                         net (fo=4, unplaced)         0.670    -1.982    km_c/out[4]
                         CARRY4 (Prop_carry4_DI[3]_CO[3])
                                                      0.556    -1.426 r  km_c/addrb_out2_carry/CO[3]
                         net (fo=1, unplaced)         0.009    -1.417    km_c/addrb_out2_carry_n_0
                         CARRY4 (Prop_carry4_CI_CO[3])
                                                      0.114    -1.303 r  km_c/addrb_out2_carry__0/CO[3]
                         net (fo=1, unplaced)         0.000    -1.303    km_c/addrb_out2_carry__0_n_0
                         CARRY4 (Prop_carry4_CI_O[2])
                                                      0.256    -1.047 r  km_c/addrb_out2_carry__1/O[2]
                         net (fo=1, unplaced)         0.905    -0.142    km_c/addrb_out2[11]
                         LUT6 (Prop_lut6_I0_O)        0.301     0.159 r  km_c/addrb_out1_carry_i_1/O
                         net (fo=1, unplaced)         0.000     0.159    km_c/addrb_out1_carry_i_1_n_0
                         CARRY4 (Prop_carry4_S[3]_CO[3])
                                                      0.401     0.560 r  km_c/addrb_out1_carry/CO[3]
                         net (fo=1, unplaced)         0.009     0.569    km_c/addrb_out1_carry_n_0
                         CARRY4 (Prop_carry4_CI_CO[3])
                                                      0.114     0.683 r  km_c/addrb_out1_carry__0/CO[3]
                         net (fo=1, unplaced)         0.000     0.683    km_c/addrb_out1_carry__0_n_0
                         CARRY4 (Prop_carry4_CI_CO[2])
                                                      0.250     0.933 r  km_c/addrb_out1_carry__1/CO[2]
                         net (fo=19, unplaced)        0.511     1.444    km_c/addrb_out1_carry__1_n_1
                         LUT3 (Prop_lut3_I1_O)        0.310     1.754 r  km_c/addrb_out[14]_i_1/O
                         net (fo=15, unplaced)        0.526     2.280    km_c/addrb_out[14]_i_1_n_0
                         FDRE                                         r  km_c/addrb_out_reg[0]/CE
  -------------------------------------------------------------------    -------------------

                         (clock clk_camera_cw_fast rise edge)
                                                      5.000     5.000 r  
    N15                                               0.000     5.000 r  clk_100mhz (IN)
                         net (fo=0)                   0.000     5.000    wizard_migcam/clk_100mhz
    N15                  IBUF (Prop_ibuf_I_O)         1.370     6.370 r  wizard_migcam/clkin1_ibufg/O
                         net (fo=1, unplaced)         0.439     6.809    wizard_migcam/clk_in1_cw_fast
                         PLLE2_ADV (Prop_plle2_adv_CLKIN1_CLKOUT2)
                                                     -5.893     0.916 r  wizard_migcam/plle2_adv_inst/CLKOUT2
                         net (fo=1, unplaced)         0.760     1.676    wizard_migcam/clk_camera_cw_fast
                         BUFG (Prop_bufg_I_O)         0.091     1.767 r  wizard_migcam/clkout3_buf/O
                         net (fo=355, unplaced)       0.439     2.206    km_c/clk_camera
                         FDRE                                         r  km_c/addrb_out_reg[0]/C
                         clock pessimism             -0.459     1.747    
                         clock uncertainty           -0.067     1.681    
                         FDRE (Setup_fdre_C_CE)      -0.202     1.479    km_c/addrb_out_reg[0]
  -------------------------------------------------------------------
                         required time                          1.479    
                         arrival time                          -2.280    
  -------------------------------------------------------------------
                         slack                                 -0.802    





Min Delay Paths
--------------------------------------------------------------------------------------
Slack (MET) :             0.073ns  (arrival time - required time)
  Source:                 pr/pixel_hcount_out_reg[0]/C
                            (rising edge-triggered cell FDRE clocked by clk_camera_cw_fast  {rise@0.000ns fall@2.500ns period=5.000ns})
  Destination:            hcount_pipe_reg[2][0]_srl3/D
                            (rising edge-triggered cell SRL16E clocked by clk_camera_cw_fast  {rise@0.000ns fall@2.500ns period=5.000ns})
  Path Group:             clk_camera_cw_fast
  Path Type:              Hold (Min at Fast Process Corner)
  Requirement:            0.000ns  (clk_camera_cw_fast rise@0.000ns - clk_camera_cw_fast rise@0.000ns)
  Data Path Delay:        0.282ns  (logic 0.141ns (50.038%)  route 0.141ns (49.962%))
  Logic Levels:           0  
  Clock Path Skew:        0.145ns (DCD - SCD - CPR)
    Destination Clock Delay (DCD):    -0.587ns
    Source Clock Delay      (SCD):    -0.919ns
    Clock Pessimism Removal (CPR):    0.187ns

    Location             Delay type                Incr(ns)  Path(ns)    Netlist Resource(s)
  -------------------------------------------------------------------    -------------------
                         (clock clk_camera_cw_fast rise edge)
                                                      0.000     0.000 r  
    N15                                               0.000     0.000 r  clk_100mhz (IN)
                         net (fo=0)                   0.000     0.000    wizard_migcam/clk_100mhz
    N15                  IBUF (Prop_ibuf_I_O)         0.209     0.209 r  wizard_migcam/clkin1_ibufg/O
                         net (fo=1, unplaced)         0.114     0.323    wizard_migcam/clk_in1_cw_fast
                         PLLE2_ADV (Prop_plle2_adv_CLKIN1_CLKOUT2)
                                                     -1.719    -1.397 r  wizard_migcam/plle2_adv_inst/CLKOUT2
                         net (fo=1, unplaced)         0.337    -1.059    wizard_migcam/clk_camera_cw_fast
                         BUFG (Prop_bufg_I_O)         0.026    -1.033 r  wizard_migcam/clkout3_buf/O
                         net (fo=355, unplaced)       0.114    -0.919    pr/clk_camera
                         FDRE                                         r  pr/pixel_hcount_out_reg[0]/C
  -------------------------------------------------------------------    -------------------
                         FDRE (Prop_fdre_C_Q)         0.141    -0.778 r  pr/pixel_hcount_out_reg[0]/Q
                         net (fo=1, unplaced)         0.141    -0.638    pixel_hcount_out[0]
                         SRL16E                                       r  hcount_pipe_reg[2][0]_srl3/D
  -------------------------------------------------------------------    -------------------

                         (clock clk_camera_cw_fast rise edge)
                                                      0.000     0.000 r  
    N15                                               0.000     0.000 r  clk_100mhz (IN)
                         net (fo=0)                   0.000     0.000    wizard_migcam/clk_100mhz
    N15                  IBUF (Prop_ibuf_I_O)         0.396     0.396 r  wizard_migcam/clkin1_ibufg/O
                         net (fo=1, unplaced)         0.259     0.655    wizard_migcam/clk_in1_cw_fast
                         PLLE2_ADV (Prop_plle2_adv_CLKIN1_CLKOUT2)
                                                     -1.885    -1.230 r  wizard_migcam/plle2_adv_inst/CLKOUT2
                         net (fo=1, unplaced)         0.355    -0.875    wizard_migcam/clk_camera_cw_fast
                         BUFG (Prop_bufg_I_O)         0.029    -0.846 r  wizard_migcam/clkout3_buf/O
                         net (fo=355, unplaced)       0.259    -0.587    clk_camera
                         SRL16E                                       r  hcount_pipe_reg[2][0]_srl3/CLK
                         clock pessimism             -0.187    -0.774    
                         SRL16E (Hold_srl16e_CLK_D)
                                                      0.064    -0.710    hcount_pipe_reg[2][0]_srl3
  -------------------------------------------------------------------
                         required time                          0.710    
                         arrival time                          -0.638    
  -------------------------------------------------------------------
                         slack                                  0.073    





Pulse Width Checks
--------------------------------------------------------------------------------------
Clock Name:         clk_camera_cw_fast
Waveform(ns):       { 0.000 2.500 }
Period(ns):         5.000
Sources:            { wizard_migcam/plle2_adv_inst/CLKOUT2 }

Check Type        Corner  Lib Pin            Reference Pin  Required(ns)  Actual(ns)  Slack(ns)  Location  Pin
Min Period        n/a     DSP48E1/CLK        n/a            3.884         5.000       1.116                rgbtoycrcb_m/crb_reg/CLK
Max Period        n/a     PLLE2_ADV/CLKOUT2  n/a            160.000       5.000       155.000              wizard_migcam/plle2_adv_inst/CLKOUT2
Low Pulse Width   Slow    SRL16E/CLK         n/a            0.980         2.500       1.520                hcount_pipe_reg[2][0]_srl3/CLK
High Pulse Width  Slow    SRL16E/CLK         n/a            0.980         2.500       1.520                hcount_pipe_reg[2][0]_srl3/CLK



---------------------------------------------------------------------------------------------------
From Clock:  clk_mig_cw_fast
  To Clock:  clk_mig_cw_fast

Setup :           NA  Failing Endpoints,  Worst Slack           NA  ,  Total Violation           NA
Hold  :           NA  Failing Endpoints,  Worst Slack           NA  ,  Total Violation           NA
PW    :            0  Failing Endpoints,  Worst Slack        2.845ns,  Total Violation        0.000ns
---------------------------------------------------------------------------------------------------


Pulse Width Checks
--------------------------------------------------------------------------------------
Clock Name:         clk_mig_cw_fast
Waveform(ns):       { 0.000 2.500 }
Period(ns):         5.000
Sources:            { wizard_migcam/plle2_adv_inst/CLKOUT1 }

Check Type  Corner  Lib Pin            Reference Pin  Required(ns)  Actual(ns)  Slack(ns)  Location  Pin
Min Period  n/a     BUFG/I             n/a            2.155         5.000       2.845                wizard_migcam/clkout2_buf/I
Max Period  n/a     PLLE2_ADV/CLKOUT1  n/a            160.000       5.000       155.000              wizard_migcam/plle2_adv_inst/CLKOUT1



---------------------------------------------------------------------------------------------------
From Clock:  clk_xc_cw_fast
  To Clock:  clk_xc_cw_fast

Setup :           NA  Failing Endpoints,  Worst Slack           NA  ,  Total Violation           NA
Hold  :           NA  Failing Endpoints,  Worst Slack           NA  ,  Total Violation           NA
PW    :            0  Failing Endpoints,  Worst Slack       37.845ns,  Total Violation        0.000ns
---------------------------------------------------------------------------------------------------


Pulse Width Checks
--------------------------------------------------------------------------------------
Clock Name:         clk_xc_cw_fast
Waveform(ns):       { 0.000 20.000 }
Period(ns):         40.000
Sources:            { wizard_migcam/plle2_adv_inst/CLKOUT3 }

Check Type  Corner  Lib Pin            Reference Pin  Required(ns)  Actual(ns)  Slack(ns)  Location  Pin
Min Period  n/a     BUFG/I             n/a            2.155         40.000      37.845               wizard_migcam/clkout4_buf/I
Max Period  n/a     PLLE2_ADV/CLKOUT3  n/a            160.000       40.000      120.000              wizard_migcam/plle2_adv_inst/CLKOUT3



---------------------------------------------------------------------------------------------------
From Clock:  clkfbout_cw_fast
  To Clock:  clkfbout_cw_fast

Setup :           NA  Failing Endpoints,  Worst Slack           NA  ,  Total Violation           NA
Hold  :           NA  Failing Endpoints,  Worst Slack           NA  ,  Total Violation           NA
PW    :            0  Failing Endpoints,  Worst Slack        7.845ns,  Total Violation        0.000ns
---------------------------------------------------------------------------------------------------


Pulse Width Checks
--------------------------------------------------------------------------------------
Clock Name:         clkfbout_cw_fast
Waveform(ns):       { 0.000 5.000 }
Period(ns):         10.000
Sources:            { wizard_migcam/plle2_adv_inst/CLKFBOUT }

Check Type  Corner  Lib Pin            Reference Pin  Required(ns)  Actual(ns)  Slack(ns)  Location  Pin
Min Period  n/a     BUFG/I             n/a            2.155         10.000      7.845                wizard_migcam/clkf_buf/I
Max Period  n/a     PLLE2_ADV/CLKFBIN  n/a            52.633        10.000      42.633               wizard_migcam/plle2_adv_inst/CLKFBIN



