Copyright 1986-2022 Xilinx, Inc. All Rights Reserved. Copyright 2022-2024 Advanced Micro Devices, Inc. All Rights Reserved.
---------------------------------------------------------------------------------------------------------------------------------------------
| Tool Version : Vivado v.2024.1 (lin64) Build 5076996 Wed May 22 18:36:09 MDT 2024
| Date         : Wed Dec 11 06:17:54 2024
| Host         : eecs-digital-34 running 64-bit Ubuntu 24.04.1 LTS
| Command      : report_timing -file obj/post_synth_timing.rpt
| Design       : top_level
| Device       : 7s50-csga324
| Speed File   : -1  PRODUCTION 1.23 2018-06-13
| Design State : Synthesized
---------------------------------------------------------------------------------------------------------------------------------------------

Timing Report

Slack (VIOLATED) :        -0.802ns  (required time - arrival time)
  Source:                 num_points_reg[4]/C
                            (rising edge-triggered cell FDRE clocked by clk_camera_cw_fast  {rise@0.000ns fall@2.500ns period=5.000ns})
  Destination:            km_c/addrb_out_reg[0]/CE
                            (rising edge-triggered cell FDRE clocked by clk_camera_cw_fast  {rise@0.000ns fall@2.500ns period=5.000ns})
  Path Group:             clk_camera_cw_fast
  Path Type:              Setup (Max at Slow Process Corner)
  Requirement:            5.000ns  (clk_camera_cw_fast rise@5.000ns - clk_camera_cw_fast rise@0.000ns)
  Data Path Delay:        5.388ns  (logic 2.758ns (51.188%)  route 2.630ns (48.812%))
  Logic Levels:           8  (CARRY4=6 LUT3=1 LUT6=1)
  Clock Path Skew:        -0.145ns (DCD - SCD + CPR)
    Destination Clock Delay (DCD):    -2.794ns = ( 2.206 - 5.000 ) 
    Source Clock Delay      (SCD):    -3.108ns
    Clock Pessimism Removal (CPR):    -0.459ns
  Clock Uncertainty:      0.067ns  ((TSJ^2 + DJ^2)^1/2) / 2 + PE
    Total System Jitter     (TSJ):    0.071ns
    Discrete Jitter          (DJ):    0.113ns
    Phase Error              (PE):    0.000ns

    Location             Delay type                Incr(ns)  Path(ns)    Netlist Resource(s)
  -------------------------------------------------------------------    -------------------
                         (clock clk_camera_cw_fast rise edge)
                                                      0.000     0.000 r  
    N15                                               0.000     0.000 r  clk_100mhz (IN)
                         net (fo=0)                   0.000     0.000    wizard_migcam/clk_100mhz
    N15                  IBUF (Prop_ibuf_I_O)         1.440     1.440 r  wizard_migcam/clkin1_ibufg/O
                         net (fo=1, unplaced)         0.584     2.024    wizard_migcam/clk_in1_cw_fast
                         PLLE2_ADV (Prop_plle2_adv_CLKIN1_CLKOUT2)
                                                     -6.612    -4.587 r  wizard_migcam/plle2_adv_inst/CLKOUT2
                         net (fo=1, unplaced)         0.800    -3.788    wizard_migcam/clk_camera_cw_fast
                         BUFG (Prop_bufg_I_O)         0.096    -3.692 r  wizard_migcam/clkout3_buf/O
                         net (fo=355, unplaced)       0.584    -3.108    clk_camera
                         FDRE                                         r  num_points_reg[4]/C
  -------------------------------------------------------------------    -------------------
                         FDRE (Prop_fdre_C_Q)         0.456    -2.652 r  num_points_reg[4]/Q
                         net (fo=4, unplaced)         0.670    -1.982    km_c/out[4]
                         CARRY4 (Prop_carry4_DI[3]_CO[3])
                                                      0.556    -1.426 r  km_c/addrb_out2_carry/CO[3]
                         net (fo=1, unplaced)         0.009    -1.417    km_c/addrb_out2_carry_n_0
                         CARRY4 (Prop_carry4_CI_CO[3])
                                                      0.114    -1.303 r  km_c/addrb_out2_carry__0/CO[3]
                         net (fo=1, unplaced)         0.000    -1.303    km_c/addrb_out2_carry__0_n_0
                         CARRY4 (Prop_carry4_CI_O[2])
                                                      0.256    -1.047 r  km_c/addrb_out2_carry__1/O[2]
                         net (fo=1, unplaced)         0.905    -0.142    km_c/addrb_out2[11]
                         LUT6 (Prop_lut6_I0_O)        0.301     0.159 r  km_c/addrb_out1_carry_i_1/O
                         net (fo=1, unplaced)         0.000     0.159    km_c/addrb_out1_carry_i_1_n_0
                         CARRY4 (Prop_carry4_S[3]_CO[3])
                                                      0.401     0.560 r  km_c/addrb_out1_carry/CO[3]
                         net (fo=1, unplaced)         0.009     0.569    km_c/addrb_out1_carry_n_0
                         CARRY4 (Prop_carry4_CI_CO[3])
                                                      0.114     0.683 r  km_c/addrb_out1_carry__0/CO[3]
                         net (fo=1, unplaced)         0.000     0.683    km_c/addrb_out1_carry__0_n_0
                         CARRY4 (Prop_carry4_CI_CO[2])
                                                      0.250     0.933 r  km_c/addrb_out1_carry__1/CO[2]
                         net (fo=19, unplaced)        0.511     1.444    km_c/addrb_out1_carry__1_n_1
                         LUT3 (Prop_lut3_I1_O)        0.310     1.754 r  km_c/addrb_out[14]_i_1/O
                         net (fo=15, unplaced)        0.526     2.280    km_c/addrb_out[14]_i_1_n_0
                         FDRE                                         r  km_c/addrb_out_reg[0]/CE
  -------------------------------------------------------------------    -------------------

                         (clock clk_camera_cw_fast rise edge)
                                                      5.000     5.000 r  
    N15                                               0.000     5.000 r  clk_100mhz (IN)
                         net (fo=0)                   0.000     5.000    wizard_migcam/clk_100mhz
    N15                  IBUF (Prop_ibuf_I_O)         1.370     6.370 r  wizard_migcam/clkin1_ibufg/O
                         net (fo=1, unplaced)         0.439     6.809    wizard_migcam/clk_in1_cw_fast
                         PLLE2_ADV (Prop_plle2_adv_CLKIN1_CLKOUT2)
                                                     -5.893     0.916 r  wizard_migcam/plle2_adv_inst/CLKOUT2
                         net (fo=1, unplaced)         0.760     1.676    wizard_migcam/clk_camera_cw_fast
                         BUFG (Prop_bufg_I_O)         0.091     1.767 r  wizard_migcam/clkout3_buf/O
                         net (fo=355, unplaced)       0.439     2.206    km_c/clk_camera
                         FDRE                                         r  km_c/addrb_out_reg[0]/C
                         clock pessimism             -0.459     1.747    
                         clock uncertainty           -0.067     1.681    
                         FDRE (Setup_fdre_C_CE)      -0.202     1.479    km_c/addrb_out_reg[0]
  -------------------------------------------------------------------
                         required time                          1.479    
                         arrival time                          -2.280    
  -------------------------------------------------------------------
                         slack                                 -0.802    




